<?xml version="1.0" encoding="UTF-8"?>
<!-- Generated by org.testng.reporters.JUnitReportReporter -->
<testsuite hostname="Moe" failures="0" tests="3" name="UniversityofToronto.MainTest.MainStoreTest" time="39.250" errors="0" timestamp="2024-01-16T23:06:46 EST" skipped="0">
  <testcase classname="UniversityofToronto.MainTest.MainStoreTest" name="runTest" time="12.938"/>
  <system-out/>
  <testcase classname="UniversityofToronto.MainTest.MainStoreTest" name="runTest" time="11.843"/>
  <system-out/>
  <testcase classname="UniversityofToronto.MainTest.MainStoreTest" name="runTest" time="14.469"/>
  <system-out/>
</testsuite> <!-- UniversityofToronto.MainTest.MainStoreTest -->
