<?xml version="1.0" encoding="UTF-8"?>
<!-- Generated by org.testng.reporters.JUnitReportReporter -->
<testsuite hostname="Moe" failures="0" tests="2" name="UniversityofToronto.Tests.Validations" time="19.365" errors="0" timestamp="2024-01-16T23:06:46 EST" skipped="0">
  <testcase classname="UniversityofToronto.Tests.Validations" name="getLoginFailureMessage" time="9.441"/>
  <system-out/>
  <testcase classname="UniversityofToronto.Tests.Validations" name="validateCart" time="9.924"/>
  <system-out/>
</testsuite> <!-- UniversityofToronto.Tests.Validations -->
