<?xml version="1.0" encoding="UTF-8"?>
<!-- Generated by org.testng.reporters.JUnitReportReporter -->
<testsuite hostname="Moe" failures="0" tests="3" name="UniversityofToronto.MainTest.MainStoreTest" time="45.204" errors="0" timestamp="2024-01-16T22:38:57 EST" skipped="0">
  <testcase classname="UniversityofToronto.MainTest.MainStoreTest" name="runTest" time="14.864"/>
  <testcase classname="UniversityofToronto.MainTest.MainStoreTest" name="runTest" time="14.665"/>
  <testcase classname="UniversityofToronto.MainTest.MainStoreTest" name="runTest" time="15.675"/>
</testsuite> <!-- UniversityofToronto.MainTest.MainStoreTest -->
