<?xml version="1.0" encoding="UTF-8"?>
<!-- Generated by org.testng.reporters.JUnitReportReporter -->
<testsuite hostname="Moe" failures="0" tests="2" name="UniversityofToronto.Tests.Validations" time="18.402" errors="0" timestamp="2024-01-16T22:38:56 EST" skipped="0">
  <testcase classname="UniversityofToronto.Tests.Validations" name="getLoginFailureMessage" time="8.140"/>
  <testcase classname="UniversityofToronto.Tests.Validations" name="validateCart" time="10.262"/>
</testsuite> <!-- UniversityofToronto.Tests.Validations -->
